<?xml version="1.0" encoding="UTF-8"?>
<testng-results ignored="0" total="6" passed="5" failed="1" skipped="0">
  <reporter-output>
  </reporter-output>
  <suite started-at="2024-05-30T18:37:23 IST" name="Suite" finished-at="2024-05-30T18:40:31 IST" duration-ms="187167">
    <groups>
      <group name="Purchase">
        <method signature="StandAloneTest.submitorder(java.util.HashMap)[pri:0, instance:CompanyName.tests.StandAloneTest@1efe439d]" name="submitorder" class="CompanyName.tests.StandAloneTest"/>
      </group> <!-- Purchase -->
      <group name="Error Handling">
        <method signature="ErrorValidations.loginErrorValidation()[pri:0, instance:CompanyName.tests.ErrorValidations@32c4e8b2]" name="loginErrorValidation" class="CompanyName.tests.ErrorValidations"/>
      </group> <!-- Error Handling -->
    </groups>
    <test started-at="2024-05-30T18:37:23 IST" name="StandaloneTest" finished-at="2024-05-30T18:39:29 IST" duration-ms="125266">
      <class name="CompanyName.tests.StandAloneTest">
        <test-method is-config="true" signature="launchApplication()[pri:0, instance:CompanyName.tests.StandAloneTest@1efe439d]" started-at="2024-05-30T18:37:24 IST" name="launchApplication" finished-at="2024-05-30T18:37:41 IST" duration-ms="17341" status="PASS">
          <reporter-output>
          </reporter-output>
        </test-method> <!-- launchApplication -->
        <test-method signature="submitorder(java.util.HashMap)[pri:0, instance:CompanyName.tests.StandAloneTest@1efe439d]" started-at="2024-05-30T18:37:41 IST" name="submitorder" data-provider="getData" finished-at="2024-05-30T18:37:56 IST" duration-ms="14566" status="PASS">
          <params>
            <param index="0">
              <value>
                <![CDATA[{password=Testing123!, product=ZARA COAT 3, email=abc@company.com}]]>
              </value>
            </param>
          </params>
          <reporter-output>
          </reporter-output>
        </test-method> <!-- submitorder -->
        <test-method is-config="true" signature="tearDown()[pri:0, instance:CompanyName.tests.StandAloneTest@1efe439d]" started-at="2024-05-30T18:37:56 IST" name="tearDown" finished-at="2024-05-30T18:37:56 IST" duration-ms="211" status="PASS">
          <reporter-output>
          </reporter-output>
        </test-method> <!-- tearDown -->
        <test-method is-config="true" signature="launchApplication()[pri:0, instance:CompanyName.tests.StandAloneTest@1efe439d]" started-at="2024-05-30T18:37:56 IST" name="launchApplication" finished-at="2024-05-30T18:38:12 IST" duration-ms="15826" status="PASS">
          <reporter-output>
          </reporter-output>
        </test-method> <!-- launchApplication -->
        <test-method signature="submitorder(java.util.HashMap)[pri:0, instance:CompanyName.tests.StandAloneTest@1efe439d]" started-at="2024-05-30T18:38:12 IST" name="submitorder" data-provider="getData" finished-at="2024-05-30T18:38:26 IST" duration-ms="14543" status="PASS">
          <params>
            <param index="0">
              <value>
                <![CDATA[{password=Testing123!, product=ADIDAS ORIGINAL, email=def@company.com}]]>
              </value>
            </param>
          </params>
          <reporter-output>
          </reporter-output>
        </test-method> <!-- submitorder -->
        <test-method is-config="true" signature="tearDown()[pri:0, instance:CompanyName.tests.StandAloneTest@1efe439d]" started-at="2024-05-30T18:38:26 IST" name="tearDown" finished-at="2024-05-30T18:38:26 IST" duration-ms="134" status="PASS">
          <reporter-output>
          </reporter-output>
        </test-method> <!-- tearDown -->
        <test-method is-config="true" signature="launchApplication()[pri:0, instance:CompanyName.tests.StandAloneTest@1efe439d]" started-at="2024-05-30T18:38:26 IST" name="launchApplication" finished-at="2024-05-30T18:38:57 IST" duration-ms="30948" status="PASS">
          <reporter-output>
          </reporter-output>
        </test-method> <!-- launchApplication -->
        <test-method signature="submitorder(java.util.HashMap)[pri:0, instance:CompanyName.tests.StandAloneTest@1efe439d]" started-at="2024-05-30T18:38:57 IST" name="submitorder" data-provider="getData" finished-at="2024-05-30T18:39:12 IST" duration-ms="14507" status="PASS">
          <params>
            <param index="0">
              <value>
                <![CDATA[{password=Testing123!, product=IPHONE 13 PRO, email=hij@company.com}]]>
              </value>
            </param>
          </params>
          <reporter-output>
          </reporter-output>
        </test-method> <!-- submitorder -->
        <test-method is-config="true" signature="tearDown()[pri:0, instance:CompanyName.tests.StandAloneTest@1efe439d]" started-at="2024-05-30T18:39:12 IST" name="tearDown" finished-at="2024-05-30T18:39:12 IST" duration-ms="130" status="PASS">
          <reporter-output>
          </reporter-output>
        </test-method> <!-- tearDown -->
        <test-method is-config="true" signature="launchApplication()[pri:0, instance:CompanyName.tests.StandAloneTest@1efe439d]" started-at="2024-05-30T18:39:12 IST" name="launchApplication" finished-at="2024-05-30T18:39:28 IST" duration-ms="15946" status="PASS">
          <reporter-output>
          </reporter-output>
        </test-method> <!-- launchApplication -->
        <test-method signature="OrderHistoryTest()[pri:0, instance:CompanyName.tests.StandAloneTest@1efe439d]" started-at="2024-05-30T18:39:28 IST" name="OrderHistoryTest" finished-at="2024-05-30T18:39:28 IST" depends-on-methods="CompanyName.tests.StandAloneTest.submitorder" duration-ms="690" status="PASS">
          <reporter-output>
          </reporter-output>
        </test-method> <!-- OrderHistoryTest -->
        <test-method is-config="true" signature="tearDown()[pri:0, instance:CompanyName.tests.StandAloneTest@1efe439d]" started-at="2024-05-30T18:39:28 IST" name="tearDown" finished-at="2024-05-30T18:39:29 IST" duration-ms="193" status="PASS">
          <reporter-output>
          </reporter-output>
        </test-method> <!-- tearDown -->
      </class> <!-- CompanyName.tests.StandAloneTest -->
    </test> <!-- StandaloneTest -->
    <test started-at="2024-05-30T18:39:29 IST" name="ErrorValidationsTest" finished-at="2024-05-30T18:40:31 IST" duration-ms="61516">
      <class name="CompanyName.tests.ErrorValidations">
        <test-method is-config="true" signature="launchApplication()[pri:0, instance:CompanyName.tests.ErrorValidations@32c4e8b2]" started-at="2024-05-30T18:39:29 IST" name="launchApplication" finished-at="2024-05-30T18:40:00 IST" duration-ms="30831" status="PASS">
          <reporter-output>
          </reporter-output>
        </test-method> <!-- launchApplication -->
        <test-method signature="loginErrorValidation()[pri:0, instance:CompanyName.tests.ErrorValidations@32c4e8b2]" started-at="2024-05-30T18:40:00 IST" name="loginErrorValidation" finished-at="2024-05-30T18:40:00 IST" duration-ms="425" status="FAIL">
          <exception class="java.lang.AssertionError">
            <message>
              <![CDATA[expected [Incorrect email or password.] but found [Incorrect email or passwor]]]>
            </message>
            <full-stacktrace>
              <![CDATA[java.lang.AssertionError: expected [Incorrect email or password.] but found [Incorrect email or passwor]
at org.testng.Assert.fail(Assert.java:99)
at org.testng.Assert.failNotEquals(Assert.java:1037)
at org.testng.Assert.assertEqualsImpl(Assert.java:140)
at org.testng.Assert.assertEquals(Assert.java:122)
at org.testng.Assert.assertEquals(Assert.java:629)
at org.testng.Assert.assertEquals(Assert.java:639)
at CompanyName.tests.ErrorValidations.loginErrorValidation(ErrorValidations.java:23)
at java.base/jdk.internal.reflect.NativeMethodAccessorImpl.invoke0(Native Method)
at java.base/jdk.internal.reflect.NativeMethodAccessorImpl.invoke(NativeMethodAccessorImpl.java:77)
at java.base/jdk.internal.reflect.DelegatingMethodAccessorImpl.invoke(DelegatingMethodAccessorImpl.java:43)
at java.base/java.lang.reflect.Method.invoke(Method.java:568)
at org.testng.internal.MethodInvocationHelper.invokeMethod(MethodInvocationHelper.java:133)
at org.testng.internal.TestInvoker.invokeMethod(TestInvoker.java:598)
at org.testng.internal.TestInvoker.invokeTestMethod(TestInvoker.java:173)
at org.testng.internal.MethodRunner.runInSequence(MethodRunner.java:46)
at org.testng.internal.TestInvoker$MethodInvocationAgent.invoke(TestInvoker.java:824)
at org.testng.internal.TestInvoker.invokeTestMethods(TestInvoker.java:146)
at org.testng.internal.TestMethodWorker.invokeTestMethods(TestMethodWorker.java:146)
at org.testng.internal.TestMethodWorker.run(TestMethodWorker.java:128)
at java.base/java.util.ArrayList.forEach(ArrayList.java:1511)
at org.testng.TestRunner.privateRun(TestRunner.java:794)
at org.testng.TestRunner.run(TestRunner.java:596)
at org.testng.SuiteRunner.runTest(SuiteRunner.java:377)
at org.testng.SuiteRunner.runSequentially(SuiteRunner.java:371)
at org.testng.SuiteRunner.privateRun(SuiteRunner.java:332)
at org.testng.SuiteRunner.run(SuiteRunner.java:276)
at org.testng.SuiteRunnerWorker.runSuite(SuiteRunnerWorker.java:53)
at org.testng.SuiteRunnerWorker.run(SuiteRunnerWorker.java:96)
at org.testng.TestNG.runSuitesSequentially(TestNG.java:1212)
at org.testng.TestNG.runSuitesLocally(TestNG.java:1134)
at org.testng.TestNG.runSuites(TestNG.java:1063)
at org.testng.TestNG.run(TestNG.java:1031)
at org.testng.remote.AbstractRemoteTestNG.run(AbstractRemoteTestNG.java:115)
at org.testng.remote.RemoteTestNG.initAndRun(RemoteTestNG.java:251)
at org.testng.remote.RemoteTestNG.main(RemoteTestNG.java:77)
]]>
            </full-stacktrace>
          </exception> <!-- java.lang.AssertionError -->
          <reporter-output>
          </reporter-output>
        </test-method> <!-- loginErrorValidation -->
        <test-method is-config="true" signature="tearDown()[pri:0, instance:CompanyName.tests.ErrorValidations@32c4e8b2]" started-at="2024-05-30T18:40:01 IST" name="tearDown" finished-at="2024-05-30T18:40:01 IST" duration-ms="188" status="PASS">
          <reporter-output>
          </reporter-output>
        </test-method> <!-- tearDown -->
        <test-method is-config="true" signature="launchApplication()[pri:0, instance:CompanyName.tests.ErrorValidations@32c4e8b2]" started-at="2024-05-30T18:40:01 IST" name="launchApplication" finished-at="2024-05-30T18:40:17 IST" duration-ms="15804" status="PASS">
          <reporter-output>
          </reporter-output>
        </test-method> <!-- launchApplication -->
        <test-method signature="productErrorValidation()[pri:0, instance:CompanyName.tests.ErrorValidations@32c4e8b2]" started-at="2024-05-30T18:40:17 IST" name="productErrorValidation" finished-at="2024-05-30T18:40:30 IST" duration-ms="13728" status="PASS">
          <reporter-output>
          </reporter-output>
        </test-method> <!-- productErrorValidation -->
        <test-method is-config="true" signature="tearDown()[pri:0, instance:CompanyName.tests.ErrorValidations@32c4e8b2]" started-at="2024-05-30T18:40:30 IST" name="tearDown" finished-at="2024-05-30T18:40:31 IST" duration-ms="158" status="PASS">
          <reporter-output>
          </reporter-output>
        </test-method> <!-- tearDown -->
      </class> <!-- CompanyName.tests.ErrorValidations -->
    </test> <!-- ErrorValidationsTest -->
  </suite> <!-- Suite -->
</testng-results>
